c:\users\marik\source\repos\danik\kursach\x64\debug\vc142.pdb
c:\users\marik\source\repos\danik\kursach\x64\debug\.netframework,version=v4.7.2.assemblyattributes.obj
c:\users\marik\source\repos\danik\kursach\x64\debug\source.obj
c:\users\marik\source\repos\danik\kursach\x64\debug\registrationform.obj
c:\users\marik\source\repos\danik\kursach\x64\debug\loginform.obj
c:\users\marik\source\repos\danik\kursach\x64\debug\lobby.obj
c:\users\marik\source\repos\danik\x64\debug\wmpnetwendor.dll
c:\users\marik\source\repos\danik\x64\debug\wmpnetwendor.pdb
c:\users\marik\source\repos\danik\kursach\x64\debug\kursach.lobby.resources
c:\users\marik\source\repos\danik\kursach\x64\debug\kursach.loginform.resources
c:\users\marik\source\repos\danik\kursach\x64\debug\kursach.registrationform.resources
c:\users\marik\source\repos\danik\x64\debug\kursach.exe
c:\users\marik\source\repos\danik\x64\debug\kursach.pdb
c:\users\marik\source\repos\danik\kursach\x64\debug\kursach.tlog\metagen.write.1.tlog
c:\users\marik\source\repos\danik\kursach\x64\debug\kursach.res
c:\users\marik\source\repos\danik\kursach\x64\debug\kursach.tlog\cl.command.1.tlog
c:\users\marik\source\repos\danik\kursach\x64\debug\kursach.tlog\cl.read.1.tlog
c:\users\marik\source\repos\danik\kursach\x64\debug\kursach.tlog\cl.write.1.tlog
c:\users\marik\source\repos\danik\kursach\x64\debug\kursach.tlog\copylocal.read.1u.tlog
c:\users\marik\source\repos\danik\kursach\x64\debug\kursach.tlog\copylocal.write.1u.tlog
c:\users\marik\source\repos\danik\kursach\x64\debug\kursach.tlog\kursach.write.1u.tlog
c:\users\marik\source\repos\danik\kursach\x64\debug\kursach.tlog\link.command.1.tlog
c:\users\marik\source\repos\danik\kursach\x64\debug\kursach.tlog\link.read.1.tlog
c:\users\marik\source\repos\danik\kursach\x64\debug\kursach.tlog\link.write.1.tlog
c:\users\marik\source\repos\danik\kursach\x64\debug\kursach.tlog\metagen.read.1.tlog
c:\users\marik\source\repos\danik\kursach\x64\debug\kursach.tlog\rc.command.1.tlog
c:\users\marik\source\repos\danik\kursach\x64\debug\kursach.tlog\rc.read.1.tlog
c:\users\marik\source\repos\danik\kursach\x64\debug\kursach.tlog\rc.write.1.tlog
c:\users\marik\source\repos\danik\kursach\x64\debug\kursach.tlog\wmpnetwendor.dll.metagen
